<?xml version="1.0" encoding="UTF-8"?>
<!-- Generated by org.testng.reporters.JUnitXMLReporter -->
<testsuite ignored="3" hostname="LAPTOP-U27IE2J6" failures="0" tests="2" name="Tests Grouping" time="0.042" errors="0" timestamp="2021-11-06T17:09:25 IST">
  <testcase classname="rough.TestngPriorityDemo" name="test1" time="0.008"/>
  <testcase classname="rough.TestngPriorityDemo" name="test3" time="0.001"/>
  <testcase classname="rough.TestngPriorityDemo" name="test5" time="0.0">
    <ignored/>
  </testcase> <!-- test5 -->
  <testcase classname="rough.TestngPriorityDemo" name="test2" time="0.0">
    <ignored/>
  </testcase> <!-- test2 -->
  <testcase classname="rough.TestngPriorityDemo" name="test4" time="0.0">
    <ignored/>
  </testcase> <!-- test4 -->
</testsuite> <!-- Tests Grouping -->
