<?xml version="1.0" encoding="UTF-8"?>
<testng-results ignored="0" total="1" passed="1" failed="0" skipped="0">
  <reporter-output>
  </reporter-output>
  <suite started-at="2021-11-07T17:27:50 IST" name="Default suite" finished-at="2021-11-07T17:28:02 IST" duration-ms="12919">
    <groups>
    </groups>
    <test started-at="2021-11-07T17:27:50 IST" name="Default test" finished-at="2021-11-07T17:28:02 IST" duration-ms="12919">
      <class name="tests.XpathDemo">
        <test-method is-config="true" signature="setUp()[pri:0, instance:tests.XpathDemo@1de76cc7]" started-at="2021-11-07T17:27:50 IST" name="setUp" finished-at="2021-11-07T17:27:56 IST" duration-ms="6222" status="PASS">
          <reporter-output>
          </reporter-output>
        </test-method> <!-- setUp -->
        <test-method signature="xpathDemo()[pri:0, instance:tests.XpathDemo@1de76cc7]" started-at="2021-11-07T17:27:56 IST" name="xpathDemo" finished-at="2021-11-07T17:28:02 IST" duration-ms="5885" status="PASS">
          <reporter-output>
          </reporter-output>
        </test-method> <!-- xpathDemo -->
        <test-method is-config="true" signature="tearDown()[pri:0, instance:tests.XpathDemo@1de76cc7]" started-at="2021-11-07T17:28:02 IST" name="tearDown" finished-at="2021-11-07T17:28:02 IST" duration-ms="742" status="PASS">
          <reporter-output>
          </reporter-output>
        </test-method> <!-- tearDown -->
      </class> <!-- tests.XpathDemo -->
    </test> <!-- Default test -->
  </suite> <!-- Default suite -->
</testng-results>
