<?xml version="1.0" encoding="UTF-8"?>
<testng-results ignored="0" total="1" passed="1" failed="0" skipped="0">
  <reporter-output>
  </reporter-output>
  <suite started-at="2022-03-13T00:18:45 IST" name="Default suite" finished-at="2022-03-13T00:18:46 IST" duration-ms="980">
    <groups>
    </groups>
    <test started-at="2022-03-13T00:18:45 IST" name="Default test" finished-at="2022-03-13T00:18:46 IST" duration-ms="980">
      <class name="tests.ExcelDataReader">
        <test-method signature="readData()[pri:0, instance:tests.ExcelDataReader@7e5afaa6]" started-at="2022-03-13T00:18:45 IST" name="readData" finished-at="2022-03-13T00:18:46 IST" duration-ms="931" status="PASS">
          <reporter-output>
          </reporter-output>
        </test-method> <!-- readData -->
      </class> <!-- tests.ExcelDataReader -->
    </test> <!-- Default test -->
  </suite> <!-- Default suite -->
</testng-results>
